V |                      | ArgumentsFromParametersFile.OnBuildCreated (150)
V |                      | Passing value for Build.Solution (src/AngleSharp.Io.sln)
V |                      | InjectParameterValues.OnBuildCreated (100)
V |                      | HandleShellCompletion.OnBuildCreated (75)
V |                      | GenerateBuildServerConfigurations.OnBuildCreated (50)
V |                      | InvokeBuildServerConfigurationGeneration.OnBuildCreated (45)
V |                      | UpdateNotification.OnBuildCreated (10)
V |                      | UnsetVisualStudioEnvironmentVariables.OnBuildCreated (0)
V |                      | HandleVisualStudioDebugging.OnBuildCreated (0)
V |                      | HandleSingleFileExecution.OnBuildCreated (-50)
V |                      | EventInvoker.OnBuildCreated (-3.4028235E+38)
V |                      | HandleHelpRequests.OnBuildInitialized (5)
V |                      | Telemetry.OnBuildInitialized (0)
V |                      | InjectNonParameterValues.OnBuildInitialized (-100)
V |                      | EventInvoker.OnBuildInitialized (-3.4028235E+38)
D |                      | Reading ChangeLog E:\Code\AngleSharp\AngleSharp.Io\CHANGELOG.md...
D |                      | Using LastestVersion from ChangeLog: 1.0.0
I |                      | Building version: 1.0.0
V |                      | Target-unrelated exception was thrown
System.ArgumentException: TargetProject could not be loaded!
   at Nuke.Common.Assert.NotNull[T](T obj, String message, String argumentExpression) in /_/source/Nuke.Common/Assert.cs:line 61
   at Build.OnBuildInitialized() in E:\Code\AngleSharp\AngleSharp.Io\nuke\Build.cs:line 103
   at Nuke.Common.Execution.EventInvoker.OnBuildInitialized(NukeBuild build, IReadOnlyCollection`1 executableTargets, IReadOnlyCollection`1 executionPlan) in /_/source/Nuke.Common/Execution/EventInvoker.cs:line 27
   at Nuke.Common.Utilities.Collections.EnumerableExtensions.ForEach[T](IEnumerable`1 enumerable, Action`1 action) in /_/source/Nuke.Common/Utilities/Collections/Enumerable.ForEach.cs:line 17
   at Nuke.Common.NukeBuild.ExecuteExtension[TExtension](Expression`1 action)
   at Nuke.Common.Execution.BuildManager.Execute[T](Expression`1[] defaultTargetExpressions) in /_/source/Nuke.Common/Execution/BuildManager.cs:line 58
V |                      | UpdateNotification.OnBuildFinished (10)
V |                      | SerializeBuildServerState.OnBuildFinished (0)
V |                      | EventInvoker.OnBuildFinished (-3.4028235E+38)
